<?xml version="1.0" encoding="UTF-8"?>
<testng-results skipped="1" failed="0" total="1" passed="0">
  <reporter-output>
  </reporter-output>
  <suite name="Default suite" duration-ms="30" started-at="2020-12-25T06:18:29Z" finished-at="2020-12-25T06:18:29Z">
    <groups>
    </groups>
    <test name="Default test" duration-ms="30" started-at="2020-12-25T06:18:29Z" finished-at="2020-12-25T06:18:29Z">
      <class name="com.visionit.orangehrm.testcases.Login_tc_001">
        <test-method status="FAIL" signature="setupsuite()[pri:0, instance:com.visionit.orangehrm.testcases.Login_tc_001@1134affc]" name="setupsuite" is-config="true" duration-ms="0" started-at="2020-12-25T11:48:29Z" finished-at="2020-12-25T11:48:29Z">
          <exception class="java.lang.NoClassDefFoundError">
            <message>
              <![CDATA[org/apache/poi/ss/usermodel/Date1904Support]]>
            </message>
            <full-stacktrace>
              <![CDATA[java.lang.NoClassDefFoundError: org/apache/poi/ss/usermodel/Date1904Support
	at java.lang.ClassLoader.defineClass1(Native Method)
	at java.lang.ClassLoader.defineClass(ClassLoader.java:763)
	at java.security.SecureClassLoader.defineClass(SecureClassLoader.java:142)
	at java.net.URLClassLoader.defineClass(URLClassLoader.java:467)
	at java.net.URLClassLoader.access$100(URLClassLoader.java:73)
	at java.net.URLClassLoader$1.run(URLClassLoader.java:368)
	at java.net.URLClassLoader$1.run(URLClassLoader.java:362)
	at java.security.AccessController.doPrivileged(Native Method)
	at java.net.URLClassLoader.findClass(URLClassLoader.java:361)
	at java.lang.ClassLoader.loadClass(ClassLoader.java:424)
	at sun.misc.Launcher$AppClassLoader.loadClass(Launcher.java:338)
	at java.lang.ClassLoader.loadClass(ClassLoader.java:357)
	at com.visionit.orangehrm.utilities.exceldataprovider.<init>(exceldataprovider.java:17)
	at com.visionit.orangehrm.testbase.TestBase.setupsuite(TestBase.java:26)
	at sun.reflect.NativeMethodAccessorImpl.invoke0(Native Method)
	at sun.reflect.NativeMethodAccessorImpl.invoke(NativeMethodAccessorImpl.java:62)
	at sun.reflect.DelegatingMethodAccessorImpl.invoke(DelegatingMethodAccessorImpl.java:43)
	at java.lang.reflect.Method.invoke(Method.java:498)
	at org.testng.internal.MethodInvocationHelper.invokeMethod(MethodInvocationHelper.java:86)
	at org.testng.internal.Invoker.invokeConfigurationMethod(Invoker.java:514)
	at org.testng.internal.Invoker.invokeConfigurations(Invoker.java:215)
	at org.testng.internal.Invoker.invokeConfigurations(Invoker.java:142)
	at org.testng.SuiteRunner.privateRun(SuiteRunner.java:305)
	at org.testng.SuiteRunner.run(SuiteRunner.java:268)
	at org.testng.SuiteRunnerWorker.runSuite(SuiteRunnerWorker.java:52)
	at org.testng.SuiteRunnerWorker.run(SuiteRunnerWorker.java:86)
	at org.testng.TestNG.runSuitesSequentially(TestNG.java:1244)
	at org.testng.TestNG.runSuitesLocally(TestNG.java:1169)
	at org.testng.TestNG.run(TestNG.java:1064)
	at org.testng.remote.RemoteTestNG.run(RemoteTestNG.java:113)
	at org.testng.remote.RemoteTestNG.initAndRun(RemoteTestNG.java:206)
	at org.testng.remote.RemoteTestNG.main(RemoteTestNG.java:177)
Caused by: java.lang.ClassNotFoundException: org.apache.poi.ss.usermodel.Date1904Support
	at java.net.URLClassLoader.findClass(URLClassLoader.java:381)
	at java.lang.ClassLoader.loadClass(ClassLoader.java:424)
	at sun.misc.Launcher$AppClassLoader.loadClass(Launcher.java:338)
	at java.lang.ClassLoader.loadClass(ClassLoader.java:357)
	... 32 more
]]>
            </full-stacktrace>
          </exception> <!-- java.lang.NoClassDefFoundError -->
          <reporter-output>
          </reporter-output>
        </test-method> <!-- setupsuite -->
        <test-method status="SKIP" signature="setup(java.lang.String)[pri:0, instance:com.visionit.orangehrm.testcases.Login_tc_001@1134affc]" name="setup" is-config="true" duration-ms="0" started-at="2020-12-25T11:48:29Z" finished-at="2020-12-25T11:48:29Z">
          <reporter-output>
          </reporter-output>
        </test-method> <!-- setup -->
        <test-method status="SKIP" signature="loginorangehrmtest()[pri:0, instance:com.visionit.orangehrm.testcases.Login_tc_001@1134affc]" name="loginorangehrmtest" duration-ms="1" started-at="2020-12-25T11:48:29Z" finished-at="2020-12-25T11:48:29Z">
          <reporter-output>
          </reporter-output>
        </test-method> <!-- loginorangehrmtest -->
        <test-method status="SKIP" signature="teardown()[pri:0, instance:com.visionit.orangehrm.testcases.Login_tc_001@1134affc]" name="teardown" is-config="true" duration-ms="0" started-at="2020-12-25T11:48:29Z" finished-at="2020-12-25T11:48:29Z">
          <reporter-output>
          </reporter-output>
        </test-method> <!-- teardown -->
      </class> <!-- com.visionit.orangehrm.testcases.Login_tc_001 -->
    </test> <!-- Default test -->
  </suite> <!-- Default suite -->
</testng-results>
